
##################################################
New run at 2024-11-16 20:22:33
##################################################
[INFO] 2024-11-16 20:22:33: Inside Running

##################################################
New run at 2024-11-16 20:22:59
##################################################
[INFO] 2024-11-16 20:22:59: Inside Running
[INFO] 2024-11-16 20:22:59: Displaying combat stats
[INFO] 2024-11-16 20:22:59: Displaying stats for Grizzle
[INFO] 2024-11-16 20:22:59: Displaying stats for Mall Cop
[INFO] 2024-11-16 20:22:59: Displaying stats for Mall Cop
[INFO] 2024-11-16 20:22:59: entered player_turn function

##################################################
New run at 2024-11-16 20:39:31
##################################################
[INFO] 2024-11-16 20:39:31: Inside Running
[INFO] 2024-11-16 20:39:31: Displaying combat stats
[INFO] 2024-11-16 20:39:32: Displaying stats for Grizzle
[INFO] 2024-11-16 20:39:32: Displaying stats for Mall Cop
[INFO] 2024-11-16 20:39:32: Displaying stats for Mall Cop
[INFO] 2024-11-16 20:39:32: entered player_turn function
[INFO] 2024-11-16 20:39:33: Player Grizzle chose Skill_Item.SKILL
[INFO] 2024-11-16 20:39:36: Inside Running
[INFO] 2024-11-16 20:39:36: Displaying combat stats
[INFO] 2024-11-16 20:39:36: Displaying stats for Grizzle
[INFO] 2024-11-16 20:39:36: Displaying stats for Mall Cop
[INFO] 2024-11-16 20:39:36: Displaying stats for Mall Cop
[INFO] 2024-11-16 20:39:36: entered player_turn function
[INFO] 2024-11-16 20:39:36: Player Grizzle chose Skill_Item.SKILL
[INFO] 2024-11-16 20:39:37: Inside Running
[INFO] 2024-11-16 20:39:37: Displaying combat stats
[INFO] 2024-11-16 20:39:37: Displaying stats for Grizzle
[INFO] 2024-11-16 20:39:37: Displaying stats for Mall Cop
[INFO] 2024-11-16 20:39:37: Displaying stats for Mall Cop
[INFO] 2024-11-16 20:39:37: entered player_turn function
[INFO] 2024-11-16 20:39:37: Player Grizzle chose Skill_Item.SKILL
[INFO] 2024-11-16 20:39:38: Inside Running
[INFO] 2024-11-16 20:39:38: Displaying combat stats
[INFO] 2024-11-16 20:39:38: Displaying stats for Grizzle
[INFO] 2024-11-16 20:39:38: Displaying stats for Mall Cop
[INFO] 2024-11-16 20:39:38: Displaying stats for Mall Cop
[INFO] 2024-11-16 20:39:38: entered player_turn function
[INFO] 2024-11-16 20:39:38: Player Grizzle chose Skill_Item.SKILL
[INFO] 2024-11-16 20:39:43: Inside Running
[INFO] 2024-11-16 20:39:43: Displaying combat stats
[INFO] 2024-11-16 20:39:43: Displaying stats for Grizzle
[INFO] 2024-11-16 20:39:43: Displaying stats for Mall Cop
[INFO] 2024-11-16 20:39:43: Displaying stats for Mall Cop
[INFO] 2024-11-16 20:39:43: entered player_turn function
[INFO] 2024-11-16 20:39:44: Player Grizzle chose Skill_Item.ITEM
[INFO] 2024-11-16 20:39:45: Inside Running
[INFO] 2024-11-16 20:39:45: Displaying combat stats
[INFO] 2024-11-16 20:39:45: Displaying stats for Grizzle
[INFO] 2024-11-16 20:39:45: Displaying stats for Mall Cop
[INFO] 2024-11-16 20:39:45: Displaying stats for Mall Cop
[INFO] 2024-11-16 20:39:45: entered player_turn function
[INFO] 2024-11-16 20:39:46: Player Grizzle chose Skill_Item.ITEM
[INFO] 2024-11-16 20:39:47: Inside Running
[INFO] 2024-11-16 20:39:47: Displaying combat stats
[INFO] 2024-11-16 20:39:47: Displaying stats for Grizzle
[INFO] 2024-11-16 20:39:47: Displaying stats for Mall Cop
[INFO] 2024-11-16 20:39:47: Displaying stats for Mall Cop
[INFO] 2024-11-16 20:39:47: entered player_turn function
[INFO] 2024-11-16 20:39:48: Player Grizzle chose Skill_Item.SKILL

##################################################
New run at 2024-11-16 20:43:31
##################################################
[INFO] 2024-11-16 20:43:31: Inside Running
[INFO] 2024-11-16 20:43:31: Displaying combat stats
[INFO] 2024-11-16 20:43:31: Displaying stats for Grizzle
[INFO] 2024-11-16 20:43:31: Displaying stats for Mall Cop
[INFO] 2024-11-16 20:43:31: Displaying stats for Mall Cop
[INFO] 2024-11-16 20:43:31: entered player_turn function
[INFO] 2024-11-16 20:43:32: Player Grizzle chose Skill_Item.SKILL
[INFO] 2024-11-16 20:43:34: Inside Running
[INFO] 2024-11-16 20:43:34: Displaying combat stats
[INFO] 2024-11-16 20:43:34: Displaying stats for Grizzle
[INFO] 2024-11-16 20:43:34: Displaying stats for Mall Cop
[INFO] 2024-11-16 20:43:34: Displaying stats for Mall Cop
[INFO] 2024-11-16 20:43:34: entered player_turn function
[INFO] 2024-11-16 20:43:38: Player Grizzle chose Skill_Item.SKILL
[INFO] 2024-11-16 20:43:39: Inside Running
[INFO] 2024-11-16 20:43:39: Displaying combat stats
[INFO] 2024-11-16 20:43:39: Displaying stats for Grizzle
[INFO] 2024-11-16 20:43:39: Displaying stats for Mall Cop
[INFO] 2024-11-16 20:43:39: Displaying stats for Mall Cop
[INFO] 2024-11-16 20:43:39: entered player_turn function
[INFO] 2024-11-16 20:43:40: Player Grizzle chose Skill_Item.SKILL
[INFO] 2024-11-16 20:43:40: Inside Running
[INFO] 2024-11-16 20:43:40: Displaying combat stats
[INFO] 2024-11-16 20:43:40: Displaying stats for Grizzle
[INFO] 2024-11-16 20:43:40: Displaying stats for Mall Cop
[INFO] 2024-11-16 20:43:40: Displaying stats for Mall Cop
[INFO] 2024-11-16 20:43:40: entered player_turn function
[INFO] 2024-11-16 20:43:40: Player Grizzle chose Skill_Item.SKILL
[INFO] 2024-11-16 20:43:41: Inside Running
[INFO] 2024-11-16 20:43:41: Displaying combat stats
[INFO] 2024-11-16 20:43:41: Displaying stats for Grizzle
[INFO] 2024-11-16 20:43:41: Displaying stats for Mall Cop
[INFO] 2024-11-16 20:43:41: Displaying stats for Mall Cop
[INFO] 2024-11-16 20:43:41: entered player_turn function
[INFO] 2024-11-16 20:43:41: Player Grizzle chose Skill_Item.SKILL
[INFO] 2024-11-16 20:43:42: Inside Running
[INFO] 2024-11-16 20:43:42: Displaying combat stats
[INFO] 2024-11-16 20:43:42: Displaying stats for Grizzle
[INFO] 2024-11-16 20:43:42: Displaying stats for Mall Cop
[INFO] 2024-11-16 20:43:42: Displaying stats for Mall Cop
[INFO] 2024-11-16 20:43:42: entered player_turn function
[INFO] 2024-11-16 20:43:42: Player Grizzle chose Skill_Item.SKILL
[INFO] 2024-11-16 20:43:42: Inside Running
[INFO] 2024-11-16 20:43:42: Displaying combat stats
[INFO] 2024-11-16 20:43:42: Displaying stats for Grizzle
[INFO] 2024-11-16 20:43:42: Displaying stats for Mall Cop
[INFO] 2024-11-16 20:43:42: Displaying stats for Mall Cop
[INFO] 2024-11-16 20:43:42: entered player_turn function
[INFO] 2024-11-16 20:43:42: Player Grizzle chose Skill_Item.SKILL
[INFO] 2024-11-16 20:43:43: Inside Running
[INFO] 2024-11-16 20:43:43: Displaying combat stats
[INFO] 2024-11-16 20:43:43: Displaying stats for Grizzle
[INFO] 2024-11-16 20:43:43: Displaying stats for Mall Cop
[INFO] 2024-11-16 20:43:43: Displaying stats for Mall Cop
[INFO] 2024-11-16 20:43:43: entered player_turn function
[INFO] 2024-11-16 20:43:44: Player Grizzle chose Skill_Item.ITEM
[INFO] 2024-11-16 20:43:44: Inside Running
[INFO] 2024-11-16 20:43:44: Displaying combat stats
[INFO] 2024-11-16 20:43:44: Displaying stats for Grizzle
[INFO] 2024-11-16 20:43:44: Displaying stats for Mall Cop
[INFO] 2024-11-16 20:43:44: Displaying stats for Mall Cop
[INFO] 2024-11-16 20:43:44: entered player_turn function
[INFO] 2024-11-16 20:43:44: Player Grizzle chose Skill_Item.ITEM
[INFO] 2024-11-16 20:43:44: Inside Running
[INFO] 2024-11-16 20:43:44: Displaying combat stats
[INFO] 2024-11-16 20:43:44: Displaying stats for Grizzle
[INFO] 2024-11-16 20:43:44: Displaying stats for Mall Cop
[INFO] 2024-11-16 20:43:44: Displaying stats for Mall Cop
[INFO] 2024-11-16 20:43:44: entered player_turn function
[INFO] 2024-11-16 20:43:44: Player Grizzle chose Skill_Item.ITEM
[INFO] 2024-11-16 20:43:44: Inside Running
[INFO] 2024-11-16 20:43:44: Displaying combat stats
[INFO] 2024-11-16 20:43:44: Displaying stats for Grizzle
[INFO] 2024-11-16 20:43:44: Displaying stats for Mall Cop
[INFO] 2024-11-16 20:43:44: Displaying stats for Mall Cop
[INFO] 2024-11-16 20:43:44: entered player_turn function
[INFO] 2024-11-16 20:43:45: Player Grizzle chose Skill_Item.ITEM
[INFO] 2024-11-16 20:43:45: Inside Running
[INFO] 2024-11-16 20:43:45: Displaying combat stats
[INFO] 2024-11-16 20:43:45: Displaying stats for Grizzle
[INFO] 2024-11-16 20:43:45: Displaying stats for Mall Cop
[INFO] 2024-11-16 20:43:45: Displaying stats for Mall Cop
[INFO] 2024-11-16 20:43:45: entered player_turn function
[INFO] 2024-11-16 20:43:45: Player Grizzle chose Skill_Item.ITEM
[INFO] 2024-11-16 20:43:48: Inside Running
[INFO] 2024-11-16 20:43:48: Displaying combat stats
[INFO] 2024-11-16 20:43:48: Displaying stats for Grizzle
[INFO] 2024-11-16 20:43:48: Displaying stats for Mall Cop
[INFO] 2024-11-16 20:43:48: Displaying stats for Mall Cop
[INFO] 2024-11-16 20:43:48: entered player_turn function
[INFO] 2024-11-16 20:43:48: Player Grizzle chose Skill_Item.SKILL
[INFO] 2024-11-16 20:43:49: Inside Running
[INFO] 2024-11-16 20:43:49: Displaying combat stats
[INFO] 2024-11-16 20:43:49: Displaying stats for Grizzle
[INFO] 2024-11-16 20:43:49: Displaying stats for Mall Cop
[INFO] 2024-11-16 20:43:49: Displaying stats for Mall Cop
[INFO] 2024-11-16 20:43:49: entered player_turn function
[INFO] 2024-11-16 20:43:49: Player Grizzle chose Skill_Item.SKILL
[INFO] 2024-11-16 20:43:50: Inside Running
[INFO] 2024-11-16 20:43:50: Displaying combat stats
[INFO] 2024-11-16 20:43:50: Displaying stats for Grizzle
[INFO] 2024-11-16 20:43:50: Displaying stats for Mall Cop
[INFO] 2024-11-16 20:43:50: Displaying stats for Mall Cop
[INFO] 2024-11-16 20:43:50: entered player_turn function
[INFO] 2024-11-16 20:43:51: Player Grizzle chose Skill_Item.SKILL
[INFO] 2024-11-16 20:43:51: Inside Running
[INFO] 2024-11-16 20:43:51: Displaying combat stats
[INFO] 2024-11-16 20:43:51: Displaying stats for Grizzle
[INFO] 2024-11-16 20:43:51: Displaying stats for Mall Cop
[INFO] 2024-11-16 20:43:51: Displaying stats for Mall Cop
[INFO] 2024-11-16 20:43:51: entered player_turn function
[INFO] 2024-11-16 20:43:52: Player Grizzle chose Skill_Item.SKILL
[INFO] 2024-11-16 20:43:52: Inside Running
[INFO] 2024-11-16 20:43:52: Displaying combat stats
[INFO] 2024-11-16 20:43:52: Displaying stats for Grizzle
[INFO] 2024-11-16 20:43:52: Displaying stats for Mall Cop
[INFO] 2024-11-16 20:43:52: Displaying stats for Mall Cop
[INFO] 2024-11-16 20:43:52: entered player_turn function
[INFO] 2024-11-16 20:43:53: Player Grizzle chose Skill_Item.SKILL
[INFO] 2024-11-16 20:43:53: Inside Running
[INFO] 2024-11-16 20:43:53: Displaying combat stats
[INFO] 2024-11-16 20:43:53: Displaying stats for Grizzle
[INFO] 2024-11-16 20:43:53: Displaying stats for Mall Cop
[INFO] 2024-11-16 20:43:53: Displaying stats for Mall Cop
[INFO] 2024-11-16 20:43:53: entered player_turn function
[INFO] 2024-11-16 20:43:53: Player Grizzle chose Skill_Item.SKILL
[INFO] 2024-11-16 20:43:54: Inside Running
[INFO] 2024-11-16 20:43:54: Displaying combat stats
[INFO] 2024-11-16 20:43:54: Displaying stats for Grizzle
[INFO] 2024-11-16 20:43:54: Displaying stats for Mall Cop
[INFO] 2024-11-16 20:43:54: Displaying stats for Mall Cop
[INFO] 2024-11-16 20:43:54: entered player_turn function
[INFO] 2024-11-16 20:43:54: Player Grizzle chose Skill_Item.SKILL
[INFO] 2024-11-16 20:43:55: Inside Running
[INFO] 2024-11-16 20:43:55: Displaying combat stats
[INFO] 2024-11-16 20:43:55: Displaying stats for Grizzle
[INFO] 2024-11-16 20:43:55: Displaying stats for Mall Cop
[INFO] 2024-11-16 20:43:55: Displaying stats for Mall Cop
[INFO] 2024-11-16 20:43:55: entered player_turn function
[INFO] 2024-11-16 20:43:55: Player Grizzle chose Skill_Item.SKILL
[INFO] 2024-11-16 20:43:57: Inside Running
[INFO] 2024-11-16 20:43:57: Displaying combat stats
[INFO] 2024-11-16 20:43:57: Displaying stats for Grizzle
[INFO] 2024-11-16 20:43:57: Displaying stats for Mall Cop
[INFO] 2024-11-16 20:43:57: Displaying stats for Mall Cop
[INFO] 2024-11-16 20:43:57: entered player_turn function
[INFO] 2024-11-16 20:43:58: Player Grizzle chose Skill_Item.SKILL
[INFO] 2024-11-16 20:43:59: Inside Running
[INFO] 2024-11-16 20:43:59: Displaying combat stats
[INFO] 2024-11-16 20:43:59: Displaying stats for Grizzle
[INFO] 2024-11-16 20:43:59: Displaying stats for Mall Cop
[INFO] 2024-11-16 20:43:59: Displaying stats for Mall Cop
[INFO] 2024-11-16 20:43:59: entered player_turn function
[INFO] 2024-11-16 20:44:00: Player Grizzle chose Skill_Item.SKILL
[INFO] 2024-11-16 20:44:00: Inside Running
[INFO] 2024-11-16 20:44:00: Displaying combat stats
[INFO] 2024-11-16 20:44:00: Displaying stats for Grizzle
[INFO] 2024-11-16 20:44:00: Displaying stats for Mall Cop
[INFO] 2024-11-16 20:44:00: Displaying stats for Mall Cop
[INFO] 2024-11-16 20:44:00: entered player_turn function

##################################################
New run at 2024-11-16 21:51:19
##################################################
[INFO] 2024-11-16 21:51:19: Inside Running
[INFO] 2024-11-16 21:51:19: Displaying combat stats
[INFO] 2024-11-16 21:51:19: Displaying stats for Grizzle
[INFO] 2024-11-16 21:51:19: Displaying stats for Mall Cop
[INFO] 2024-11-16 21:51:19: Displaying stats for Mall Cop
[INFO] 2024-11-16 21:51:19: entered player_turn function
[INFO] 2024-11-16 21:51:22: Player Grizzle chose Skill_Item.SKILL
[INFO] 2024-11-16 21:51:24: Inside Running
[INFO] 2024-11-16 21:51:24: Displaying combat stats
[INFO] 2024-11-16 21:51:24: Displaying stats for Grizzle
[INFO] 2024-11-16 21:51:24: Displaying stats for Mall Cop
[INFO] 2024-11-16 21:51:24: Displaying stats for Mall Cop
[INFO] 2024-11-16 21:51:24: entered player_turn function
[INFO] 2024-11-16 21:51:24: Player Grizzle chose Skill_Item.SKILL
[INFO] 2024-11-16 21:51:24: Inside Running
[INFO] 2024-11-16 21:51:24: Displaying combat stats
[INFO] 2024-11-16 21:51:24: Displaying stats for Grizzle
[INFO] 2024-11-16 21:51:24: Displaying stats for Mall Cop
[INFO] 2024-11-16 21:51:24: Displaying stats for Mall Cop
[INFO] 2024-11-16 21:51:24: entered player_turn function
[INFO] 2024-11-16 21:51:25: Player Grizzle chose Skill_Item.SKILL
[INFO] 2024-11-16 21:51:26: Inside Running
[INFO] 2024-11-16 21:51:26: Displaying combat stats
[INFO] 2024-11-16 21:51:26: Displaying stats for Grizzle
[INFO] 2024-11-16 21:51:26: Displaying stats for Mall Cop
[INFO] 2024-11-16 21:51:26: Displaying stats for Mall Cop
[INFO] 2024-11-16 21:51:26: entered player_turn function
[INFO] 2024-11-16 21:51:26: Player Grizzle chose Skill_Item.SKILL

##################################################
New run at 2024-11-16 21:51:53
##################################################
[INFO] 2024-11-16 21:51:53: Inside Running
[INFO] 2024-11-16 21:51:53: Displaying combat stats
[INFO] 2024-11-16 21:51:53: Displaying stats for Grizzle
[INFO] 2024-11-16 21:51:53: Displaying stats for Mall Cop
[INFO] 2024-11-16 21:51:53: Displaying stats for Mall Cop

##################################################
New run at 2024-11-16 21:52:02
##################################################
[INFO] 2024-11-16 21:52:02: Inside Running
[INFO] 2024-11-16 21:52:02: Displaying combat stats
[INFO] 2024-11-16 21:52:02: Displaying stats for Grizzle
[INFO] 2024-11-16 21:52:02: Displaying stats for Mall Cop
[INFO] 2024-11-16 21:52:02: Displaying stats for Mall Cop
[INFO] 2024-11-16 21:52:02: entered player_turn function

##################################################
New run at 2024-11-16 22:07:12
##################################################
[INFO] 2024-11-16 22:07:12: Inside Running
[INFO] 2024-11-16 22:07:12: Displaying combat stats
[INFO] 2024-11-16 22:07:12: Displaying stats for Grizzle
[INFO] 2024-11-16 22:07:12: Displaying stats for Mall Cop
[INFO] 2024-11-16 22:07:12: Displaying stats for Mall Cop
[INFO] 2024-11-16 22:07:12: entered player_turn function
[INFO] 2024-11-16 22:15:57: Displaying stats for Grizzle
[INFO] 2024-11-16 22:15:57: Displaying stats for Mall Cop
[INFO] 2024-11-16 22:15:57: Displaying stats for Mall Cop
[INFO] 2024-11-16 22:16:10: Displaying stats for Grizzle
[INFO] 2024-11-16 22:16:10: Displaying stats for Mall Cop
[INFO] 2024-11-16 22:16:10: Displaying stats for Mall Cop
[INFO] 2024-11-16 22:16:35: Displaying stats for Grizzle
[INFO] 2024-11-16 22:16:35: Displaying stats for Mall Cop
[INFO] 2024-11-16 22:16:35: Displaying stats for Mall Cop
[INFO] 2024-11-16 22:17:06: Displaying stats for Grizzle
[INFO] 2024-11-16 22:17:06: Displaying stats for Mall Cop
[INFO] 2024-11-16 22:17:06: Displaying stats for Mall Cop
[INFO] 2024-11-16 22:17:38: Displaying stats for Grizzle
[INFO] 2024-11-16 22:17:38: Displaying stats for Mall Cop
[INFO] 2024-11-16 22:17:38: Displaying stats for Mall Cop
[INFO] 2024-11-16 22:17:50: Displaying stats for Grizzle
[INFO] 2024-11-16 22:17:50: Displaying stats for Mall Cop
[INFO] 2024-11-16 22:17:50: Displaying stats for Mall Cop
[INFO] 2024-11-16 22:18:16: Displaying stats for Grizzle
[INFO] 2024-11-16 22:18:16: Displaying stats for Mall Cop
[INFO] 2024-11-16 22:18:16: Displaying stats for Mall Cop
[INFO] 2024-11-16 22:18:55: Displaying stats for Grizzle
[INFO] 2024-11-16 22:18:55: Displaying stats for Mall Cop
[INFO] 2024-11-16 22:18:55: Displaying stats for Mall Cop
[INFO] 2024-11-16 22:18:58: Displaying stats for Grizzle
[INFO] 2024-11-16 22:18:58: Displaying stats for Mall Cop
[INFO] 2024-11-16 22:18:58: Displaying stats for Mall Cop
[INFO] 2024-11-16 22:18:58: Displaying stats for Grizzle
[INFO] 2024-11-16 22:18:58: Displaying stats for Mall Cop
[INFO] 2024-11-16 22:18:58: Displaying stats for Mall Cop
[INFO] 2024-11-16 22:18:58: Displaying stats for Grizzle
[INFO] 2024-11-16 22:18:58: Displaying stats for Mall Cop
[INFO] 2024-11-16 22:18:59: Displaying stats for Mall Cop
[INFO] 2024-11-16 22:18:59: Displaying stats for Grizzle
[INFO] 2024-11-16 22:18:59: Displaying stats for Mall Cop
[INFO] 2024-11-16 22:18:59: Displaying stats for Mall Cop
[INFO] 2024-11-16 22:18:59: Displaying stats for Grizzle
[INFO] 2024-11-16 22:18:59: Displaying stats for Mall Cop
[INFO] 2024-11-16 22:18:59: Displaying stats for Mall Cop
[INFO] 2024-11-16 22:19:00: Displaying stats for Grizzle
[INFO] 2024-11-16 22:19:00: Displaying stats for Mall Cop
[INFO] 2024-11-16 22:19:00: Displaying stats for Mall Cop
[INFO] 2024-11-16 22:19:00: Displaying stats for Grizzle
[INFO] 2024-11-16 22:19:00: Displaying stats for Mall Cop
[INFO] 2024-11-16 22:19:00: Displaying stats for Mall Cop
[INFO] 2024-11-16 22:19:01: Displaying stats for Grizzle
[INFO] 2024-11-16 22:19:01: Displaying stats for Mall Cop
[INFO] 2024-11-16 22:19:01: Displaying stats for Mall Cop
[INFO] 2024-11-16 22:19:01: Displaying stats for Grizzle
[INFO] 2024-11-16 22:19:01: Displaying stats for Mall Cop
[INFO] 2024-11-16 22:19:01: Displaying stats for Mall Cop
[INFO] 2024-11-16 22:19:01: Displaying stats for Grizzle
[INFO] 2024-11-16 22:19:01: Displaying stats for Mall Cop
[INFO] 2024-11-16 22:19:01: Displaying stats for Mall Cop
[INFO] 2024-11-16 22:19:01: Displaying stats for Grizzle
[INFO] 2024-11-16 22:19:01: Displaying stats for Mall Cop
[INFO] 2024-11-16 22:19:01: Displaying stats for Mall Cop
[INFO] 2024-11-16 22:19:01: Displaying stats for Grizzle
[INFO] 2024-11-16 22:19:02: Displaying stats for Mall Cop
[INFO] 2024-11-16 22:19:02: Displaying stats for Mall Cop
[INFO] 2024-11-16 22:19:02: Displaying stats for Grizzle
[INFO] 2024-11-16 22:19:02: Displaying stats for Mall Cop
[INFO] 2024-11-16 22:19:02: Displaying stats for Mall Cop
[INFO] 2024-11-16 22:19:02: Displaying stats for Grizzle
[INFO] 2024-11-16 22:19:02: Displaying stats for Mall Cop
[INFO] 2024-11-16 22:19:02: Displaying stats for Mall Cop
[INFO] 2024-11-16 22:19:02: Displaying stats for Grizzle
[INFO] 2024-11-16 22:19:02: Displaying stats for Mall Cop
[INFO] 2024-11-16 22:19:02: Displaying stats for Mall Cop
[INFO] 2024-11-16 22:19:02: Displaying stats for Grizzle
[INFO] 2024-11-16 22:19:02: Displaying stats for Mall Cop
[INFO] 2024-11-16 22:19:02: Displaying stats for Mall Cop
[INFO] 2024-11-16 22:19:02: Displaying stats for Grizzle
[INFO] 2024-11-16 22:19:02: Displaying stats for Mall Cop
[INFO] 2024-11-16 22:19:02: Displaying stats for Mall Cop
[INFO] 2024-11-16 22:19:03: Displaying stats for Grizzle
[INFO] 2024-11-16 22:19:03: Displaying stats for Mall Cop
[INFO] 2024-11-16 22:19:03: Displaying stats for Mall Cop
[INFO] 2024-11-16 22:21:51: Displaying stats for Grizzle
[INFO] 2024-11-16 22:21:51: Displaying stats for Mall Cop
[INFO] 2024-11-16 22:21:51: Displaying stats for Mall Cop
[INFO] 2024-11-16 22:21:54: Displaying stats for Grizzle
[INFO] 2024-11-16 22:21:54: Displaying stats for Mall Cop
[INFO] 2024-11-16 22:21:54: Displaying stats for Mall Cop
[INFO] 2024-11-16 22:21:55: Displaying stats for Grizzle
[INFO] 2024-11-16 22:21:55: Displaying stats for Mall Cop
[INFO] 2024-11-16 22:21:55: Displaying stats for Mall Cop
[INFO] 2024-11-16 22:21:55: Displaying stats for Grizzle
[INFO] 2024-11-16 22:21:55: Displaying stats for Mall Cop
[INFO] 2024-11-16 22:21:55: Displaying stats for Mall Cop
[INFO] 2024-11-16 22:21:55: Displaying stats for Grizzle
[INFO] 2024-11-16 22:21:55: Displaying stats for Mall Cop
[INFO] 2024-11-16 22:21:55: Displaying stats for Mall Cop
[INFO] 2024-11-16 22:21:56: Displaying stats for Grizzle
[INFO] 2024-11-16 22:21:56: Displaying stats for Mall Cop
[INFO] 2024-11-16 22:21:56: Displaying stats for Mall Cop
[INFO] 2024-11-16 22:21:56: Displaying stats for Grizzle
[INFO] 2024-11-16 22:21:56: Displaying stats for Mall Cop
[INFO] 2024-11-16 22:21:56: Displaying stats for Mall Cop
[INFO] 2024-11-16 22:23:05: Displaying stats for Grizzle
[INFO] 2024-11-16 22:23:05: Displaying stats for Mall Cop
[INFO] 2024-11-16 22:23:05: Displaying stats for Mall Cop
[INFO] 2024-11-16 22:24:47: Displaying stats for Grizzle
[INFO] 2024-11-16 22:24:47: Displaying stats for Mall Cop
[INFO] 2024-11-16 22:24:47: Displaying stats for Mall Cop
[INFO] 2024-11-16 22:25:36: Displaying stats for Grizzle
[INFO] 2024-11-16 22:25:36: Displaying stats for Mall Cop
[INFO] 2024-11-16 22:25:36: Displaying stats for Mall Cop
[INFO] 2024-11-16 22:27:03: Displaying stats for Grizzle
[INFO] 2024-11-16 22:27:03: Displaying stats for Mall Cop
[INFO] 2024-11-16 22:27:03: Displaying stats for Mall Cop
[INFO] 2024-11-16 22:27:29: Displaying stats for Grizzle
[INFO] 2024-11-16 22:27:29: Displaying stats for Mall Cop
[INFO] 2024-11-16 22:27:29: Displaying stats for Mall Cop
[INFO] 2024-11-16 22:28:01: Displaying stats for Grizzle
[INFO] 2024-11-16 22:28:01: Displaying stats for Mall Cop
[INFO] 2024-11-16 22:28:01: Displaying stats for Mall Cop
